{"/home/jincheng/se-take-home-assignment/order-controller/src/App.tsx": {"path":"/home/jincheng/se-take-home-assignment/order-controller/src/App.tsx","all":false,"statementMap":{"0":{"start":{"line":1,"column":0},"end":{"line":1,"column":51}},"1":{"start":{"line":2,"column":0},"end":{"line":2,"column":67}},"2":{"start":{"line":3,"column":0},"end":{"line":3,"column":18}},"4":{"start":{"line":5,"column":0},"end":{"line":5,"column":16}},"5":{"start":{"line":6,"column":0},"end":{"line":6,"column":69}},"6":{"start":{"line":7,"column":0},"end":{"line":7,"column":71}},"7":{"start":{"line":8,"column":0},"end":{"line":8,"column":48}},"8":{"start":{"line":9,"column":0},"end":{"line":9,"column":94}},"10":{"start":{"line":11,"column":0},"end":{"line":11,"column":30}},"11":{"start":{"line":12,"column":0},"end":{"line":12,"column":77}},"14":{"start":{"line":15,"column":0},"end":{"line":15,"column":19}},"15":{"start":{"line":16,"column":0},"end":{"line":16,"column":27}},"16":{"start":{"line":17,"column":0},"end":{"line":17,"column":42}},"17":{"start":{"line":18,"column":0},"end":{"line":18,"column":97}},"18":{"start":{"line":19,"column":0},"end":{"line":19,"column":44}},"19":{"start":{"line":20,"column":0},"end":{"line":20,"column":53}},"21":{"start":{"line":22,"column":0},"end":{"line":22,"column":32}},"22":{"start":{"line":23,"column":0},"end":{"line":23,"column":35}},"23":{"start":{"line":24,"column":0},"end":{"line":24,"column":99}},"24":{"start":{"line":25,"column":0},"end":{"line":25,"column":24}},"25":{"start":{"line":26,"column":0},"end":{"line":26,"column":10}},"26":{"start":{"line":27,"column":0},"end":{"line":27,"column":67}},"28":{"start":{"line":29,"column":0},"end":{"line":29,"column":44}},"29":{"start":{"line":30,"column":0},"end":{"line":30,"column":81}},"30":{"start":{"line":31,"column":0},"end":{"line":31,"column":55}},"31":{"start":{"line":32,"column":0},"end":{"line":32,"column":64}},"32":{"start":{"line":33,"column":0},"end":{"line":33,"column":17}},"34":{"start":{"line":35,"column":0},"end":{"line":35,"column":43}},"35":{"start":{"line":36,"column":0},"end":{"line":36,"column":7}},"36":{"start":{"line":37,"column":0},"end":{"line":37,"column":6}},"37":{"start":{"line":38,"column":0},"end":{"line":38,"column":40}},"40":{"start":{"line":41,"column":0},"end":{"line":41,"column":40}},"41":{"start":{"line":42,"column":0},"end":{"line":42,"column":37}},"42":{"start":{"line":43,"column":0},"end":{"line":43,"column":21}},"43":{"start":{"line":44,"column":0},"end":{"line":44,"column":68}},"44":{"start":{"line":45,"column":0},"end":{"line":45,"column":11}},"45":{"start":{"line":46,"column":0},"end":{"line":46,"column":33}},"46":{"start":{"line":47,"column":0},"end":{"line":47,"column":5}},"47":{"start":{"line":48,"column":0},"end":{"line":48,"column":28}},"48":{"start":{"line":49,"column":0},"end":{"line":49,"column":3}},"50":{"start":{"line":51,"column":0},"end":{"line":51,"column":24}},"51":{"start":{"line":52,"column":0},"end":{"line":52,"column":38}},"52":{"start":{"line":53,"column":0},"end":{"line":53,"column":37}},"53":{"start":{"line":54,"column":0},"end":{"line":54,"column":58}},"54":{"start":{"line":55,"column":0},"end":{"line":55,"column":3}},"56":{"start":{"line":57,"column":0},"end":{"line":57,"column":27}},"57":{"start":{"line":58,"column":0},"end":{"line":58,"column":43}},"58":{"start":{"line":59,"column":0},"end":{"line":59,"column":39}},"60":{"start":{"line":61,"column":0},"end":{"line":61,"column":45}},"61":{"start":{"line":62,"column":0},"end":{"line":62,"column":38}},"63":{"start":{"line":64,"column":0},"end":{"line":64,"column":49}},"64":{"start":{"line":65,"column":0},"end":{"line":65,"column":23}},"66":{"start":{"line":67,"column":0},"end":{"line":67,"column":28}},"67":{"start":{"line":68,"column":0},"end":{"line":68,"column":25}},"68":{"start":{"line":69,"column":0},"end":{"line":69,"column":38}},"69":{"start":{"line":70,"column":0},"end":{"line":70,"column":55}},"70":{"start":{"line":71,"column":0},"end":{"line":71,"column":19}},"71":{"start":{"line":72,"column":0},"end":{"line":72,"column":9}},"72":{"start":{"line":73,"column":0},"end":{"line":73,"column":7}},"73":{"start":{"line":74,"column":0},"end":{"line":74,"column":5}},"75":{"start":{"line":76,"column":0},"end":{"line":76,"column":30}},"76":{"start":{"line":77,"column":0},"end":{"line":77,"column":33}},"77":{"start":{"line":78,"column":0},"end":{"line":78,"column":31}},"78":{"start":{"line":79,"column":0},"end":{"line":79,"column":20}},"79":{"start":{"line":80,"column":0},"end":{"line":80,"column":6}},"81":{"start":{"line":82,"column":0},"end":{"line":82,"column":38}},"82":{"start":{"line":83,"column":0},"end":{"line":83,"column":3}},"84":{"start":{"line":85,"column":0},"end":{"line":85,"column":55}},"85":{"start":{"line":86,"column":0},"end":{"line":86,"column":28}},"86":{"start":{"line":87,"column":0},"end":{"line":87,"column":46}},"87":{"start":{"line":88,"column":0},"end":{"line":88,"column":34}},"88":{"start":{"line":89,"column":0},"end":{"line":89,"column":14}},"90":{"start":{"line":91,"column":0},"end":{"line":91,"column":96}},"91":{"start":{"line":92,"column":0},"end":{"line":92,"column":34}},"92":{"start":{"line":93,"column":0},"end":{"line":93,"column":36}},"93":{"start":{"line":94,"column":0},"end":{"line":94,"column":16}},"94":{"start":{"line":95,"column":0},"end":{"line":95,"column":56}},"95":{"start":{"line":96,"column":0},"end":{"line":96,"column":86}},"96":{"start":{"line":97,"column":0},"end":{"line":97,"column":9}},"97":{"start":{"line":98,"column":0},"end":{"line":98,"column":7}},"98":{"start":{"line":99,"column":0},"end":{"line":99,"column":6}},"99":{"start":{"line":100,"column":0},"end":{"line":100,"column":3}},"101":{"start":{"line":102,"column":0},"end":{"line":102,"column":10}},"102":{"start":{"line":103,"column":0},"end":{"line":103,"column":6}},"103":{"start":{"line":104,"column":0},"end":{"line":104,"column":68}},"105":{"start":{"line":106,"column":0},"end":{"line":106,"column":28}},"106":{"start":{"line":107,"column":0},"end":{"line":107,"column":133}},"107":{"start":{"line":108,"column":0},"end":{"line":108,"column":128}},"108":{"start":{"line":109,"column":0},"end":{"line":109,"column":101}},"109":{"start":{"line":110,"column":0},"end":{"line":110,"column":130}},"110":{"start":{"line":111,"column":0},"end":{"line":111,"column":12}},"112":{"start":{"line":113,"column":0},"end":{"line":113,"column":34}},"113":{"start":{"line":114,"column":0},"end":{"line":114,"column":32}},"114":{"start":{"line":115,"column":0},"end":{"line":115,"column":53}},"115":{"start":{"line":116,"column":0},"end":{"line":116,"column":67}},"116":{"start":{"line":117,"column":0},"end":{"line":117,"column":39}},"117":{"start":{"line":118,"column":0},"end":{"line":118,"column":62}},"118":{"start":{"line":119,"column":0},"end":{"line":119,"column":102}},"119":{"start":{"line":120,"column":0},"end":{"line":120,"column":19}},"120":{"start":{"line":121,"column":0},"end":{"line":121,"column":15}},"121":{"start":{"line":122,"column":0},"end":{"line":122,"column":15}},"122":{"start":{"line":123,"column":0},"end":{"line":123,"column":14}},"124":{"start":{"line":125,"column":0},"end":{"line":125,"column":32}},"125":{"start":{"line":126,"column":0},"end":{"line":126,"column":55}},"126":{"start":{"line":127,"column":0},"end":{"line":127,"column":67}},"127":{"start":{"line":128,"column":0},"end":{"line":128,"column":40}},"128":{"start":{"line":129,"column":0},"end":{"line":129,"column":64}},"129":{"start":{"line":130,"column":0},"end":{"line":130,"column":85}},"130":{"start":{"line":131,"column":0},"end":{"line":131,"column":19}},"131":{"start":{"line":132,"column":0},"end":{"line":132,"column":15}},"132":{"start":{"line":133,"column":0},"end":{"line":133,"column":15}},"133":{"start":{"line":134,"column":0},"end":{"line":134,"column":14}},"135":{"start":{"line":136,"column":0},"end":{"line":136,"column":32}},"136":{"start":{"line":137,"column":0},"end":{"line":137,"column":50}},"137":{"start":{"line":138,"column":0},"end":{"line":138,"column":67}},"138":{"start":{"line":139,"column":0},"end":{"line":139,"column":32}},"139":{"start":{"line":140,"column":0},"end":{"line":140,"column":46}},"140":{"start":{"line":141,"column":0},"end":{"line":141,"column":68}},"141":{"start":{"line":142,"column":0},"end":{"line":142,"column":19}},"142":{"start":{"line":143,"column":0},"end":{"line":143,"column":15}},"143":{"start":{"line":144,"column":0},"end":{"line":144,"column":15}},"144":{"start":{"line":145,"column":0},"end":{"line":145,"column":14}},"145":{"start":{"line":146,"column":0},"end":{"line":146,"column":12}},"146":{"start":{"line":147,"column":0},"end":{"line":147,"column":7}},"148":{"start":{"line":149,"column":0},"end":{"line":149,"column":1}},"150":{"start":{"line":151,"column":0},"end":{"line":151,"column":18}}},"s":{"0":1,"1":1,"2":1,"4":25,"5":25,"6":25,"7":25,"8":25,"10":25,"11":25,"14":25,"15":25,"16":8,"17":8,"18":8,"19":4,"21":4,"22":4,"23":4,"24":4,"25":4,"26":4,"28":4,"29":0,"30":0,"31":0,"32":4,"34":4,"35":4,"36":25,"37":25,"40":25,"41":8,"42":8,"43":8,"44":8,"45":8,"46":8,"47":8,"48":8,"50":25,"51":4,"52":4,"53":4,"54":4,"56":25,"57":1,"58":1,"60":1,"61":1,"63":1,"64":1,"66":1,"67":1,"68":1,"69":1,"70":0,"71":1,"72":1,"73":1,"75":1,"76":1,"77":1,"78":1,"79":1,"81":1,"82":1,"84":25,"85":8,"86":8,"87":6,"88":8,"90":2,"91":2,"92":2,"93":2,"94":0,"95":0,"96":0,"97":2,"98":8,"99":8,"101":25,"102":25,"103":25,"105":25,"106":25,"107":25,"108":25,"109":25,"110":25,"112":25,"113":25,"114":25,"115":25,"116":25,"117":23,"118":23,"119":23,"120":25,"121":25,"122":25,"124":25,"125":25,"126":25,"127":25,"128":0,"129":0,"130":0,"131":25,"132":25,"133":25,"135":25,"136":25,"137":25,"138":25,"139":8,"140":8,"141":8,"142":25,"143":25,"144":25,"145":25,"146":25,"148":25,"150":1},"branchMap":{"0":{"type":"branch","line":5,"loc":{"start":{"line":5,"column":0},"end":{"line":149,"column":1}},"locations":[{"start":{"line":5,"column":0},"end":{"line":149,"column":1}}]},"1":{"type":"branch","line":15,"loc":{"start":{"line":15,"column":12},"end":{"line":38,"column":5}},"locations":[{"start":{"line":15,"column":12},"end":{"line":38,"column":5}}]},"2":{"type":"branch","line":16,"loc":{"start":{"line":16,"column":17},"end":{"line":37,"column":5}},"locations":[{"start":{"line":16,"column":17},"end":{"line":37,"column":5}}]},"3":{"type":"branch","line":19,"loc":{"start":{"line":19,"column":10},"end":{"line":19,"column":43}},"locations":[{"start":{"line":19,"column":10},"end":{"line":19,"column":43}}]},"4":{"type":"branch","line":19,"loc":{"start":{"line":19,"column":43},"end":{"line":36,"column":7}},"locations":[{"start":{"line":19,"column":43},"end":{"line":36,"column":7}}]},"5":{"type":"branch","line":18,"loc":{"start":{"line":18,"column":51},"end":{"line":18,"column":96}},"locations":[{"start":{"line":18,"column":51},"end":{"line":18,"column":96}}]},"6":{"type":"branch","line":22,"loc":{"start":{"line":22,"column":23},"end":{"line":26,"column":9}},"locations":[{"start":{"line":22,"column":23},"end":{"line":26,"column":9}}]},"7":{"type":"branch","line":27,"loc":{"start":{"line":27,"column":25},"end":{"line":27,"column":66}},"locations":[{"start":{"line":27,"column":25},"end":{"line":27,"column":66}}]},"8":{"type":"branch","line":41,"loc":{"start":{"line":41,"column":19},"end":{"line":49,"column":3}},"locations":[{"start":{"line":41,"column":19},"end":{"line":49,"column":3}}]},"9":{"type":"branch","line":51,"loc":{"start":{"line":51,"column":17},"end":{"line":55,"column":3}},"locations":[{"start":{"line":51,"column":17},"end":{"line":55,"column":3}}]},"10":{"type":"branch","line":53,"loc":{"start":{"line":53,"column":12},"end":{"line":53,"column":36}},"locations":[{"start":{"line":53,"column":12},"end":{"line":53,"column":36}}]},"11":{"type":"branch","line":54,"loc":{"start":{"line":54,"column":21},"end":{"line":54,"column":57}},"locations":[{"start":{"line":54,"column":21},"end":{"line":54,"column":57}}]},"12":{"type":"branch","line":57,"loc":{"start":{"line":57,"column":20},"end":{"line":83,"column":3}},"locations":[{"start":{"line":57,"column":20},"end":{"line":83,"column":3}}]},"13":{"type":"branch","line":59,"loc":{"start":{"line":59,"column":33},"end":{"line":59,"column":39}},"locations":[{"start":{"line":59,"column":33},"end":{"line":59,"column":39}}]},"14":{"type":"branch","line":67,"loc":{"start":{"line":67,"column":21},"end":{"line":72,"column":9}},"locations":[{"start":{"line":67,"column":21},"end":{"line":72,"column":9}}]},"15":{"type":"branch","line":68,"loc":{"start":{"line":68,"column":17},"end":{"line":71,"column":19}},"locations":[{"start":{"line":68,"column":17},"end":{"line":71,"column":19}}]},"16":{"type":"branch","line":70,"loc":{"start":{"line":70,"column":54},"end":{"line":71,"column":19}},"locations":[{"start":{"line":70,"column":54},"end":{"line":71,"column":19}}]},"17":{"type":"branch","line":76,"loc":{"start":{"line":76,"column":21},"end":{"line":80,"column":5}},"locations":[{"start":{"line":76,"column":21},"end":{"line":80,"column":5}}]},"18":{"type":"branch","line":82,"loc":{"start":{"line":82,"column":12},"end":{"line":82,"column":37}},"locations":[{"start":{"line":82,"column":12},"end":{"line":82,"column":37}}]},"19":{"type":"branch","line":85,"loc":{"start":{"line":85,"column":25},"end":{"line":100,"column":3}},"locations":[{"start":{"line":85,"column":25},"end":{"line":100,"column":3}}]},"20":{"type":"branch","line":86,"loc":{"start":{"line":86,"column":19},"end":{"line":99,"column":5}},"locations":[{"start":{"line":86,"column":19},"end":{"line":99,"column":5}}]},"21":{"type":"branch","line":87,"loc":{"start":{"line":87,"column":45},"end":{"line":89,"column":13}},"locations":[{"start":{"line":87,"column":45},"end":{"line":89,"column":13}}]},"22":{"type":"branch","line":89,"loc":{"start":{"line":89,"column":6},"end":{"line":98,"column":7}},"locations":[{"start":{"line":89,"column":6},"end":{"line":98,"column":7}}]},"23":{"type":"branch","line":94,"loc":{"start":{"line":94,"column":8},"end":{"line":97,"column":9}},"locations":[{"start":{"line":94,"column":8},"end":{"line":97,"column":9}}]},"24":{"type":"branch","line":91,"loc":{"start":{"line":91,"column":59},"end":{"line":91,"column":95}},"locations":[{"start":{"line":91,"column":59},"end":{"line":91,"column":95}}]},"25":{"type":"branch","line":107,"loc":{"start":{"line":107,"column":76},"end":{"line":107,"column":109}},"locations":[{"start":{"line":107,"column":76},"end":{"line":107,"column":109}}]},"26":{"type":"branch","line":108,"loc":{"start":{"line":108,"column":77},"end":{"line":108,"column":107}},"locations":[{"start":{"line":108,"column":77},"end":{"line":108,"column":107}}]},"27":{"type":"branch","line":117,"loc":{"start":{"line":117,"column":29},"end":{"line":120,"column":19}},"locations":[{"start":{"line":117,"column":29},"end":{"line":120,"column":19}}]},"28":{"type":"branch","line":119,"loc":{"start":{"line":119,"column":55},"end":{"line":119,"column":72}},"locations":[{"start":{"line":119,"column":55},"end":{"line":119,"column":72}}]},"29":{"type":"branch","line":119,"loc":{"start":{"line":119,"column":61},"end":{"line":119,"column":84}},"locations":[{"start":{"line":119,"column":61},"end":{"line":119,"column":84}}]},"30":{"type":"branch","line":139,"loc":{"start":{"line":139,"column":22},"end":{"line":142,"column":19}},"locations":[{"start":{"line":139,"column":22},"end":{"line":142,"column":19}}]},"31":{"type":"branch","line":141,"loc":{"start":{"line":141,"column":50},"end":{"line":141,"column":61}},"locations":[{"start":{"line":141,"column":50},"end":{"line":141,"column":61}}]},"32":{"type":"branch","line":141,"loc":{"start":{"line":141,"column":53},"end":{"line":141,"column":68}},"locations":[{"start":{"line":141,"column":53},"end":{"line":141,"column":68}}]}},"b":{"0":[25],"1":[25],"2":[8],"3":[4],"4":[4],"5":[10],"6":[4],"7":[4],"8":[8],"9":[4],"10":[4],"11":[4],"12":[1],"13":[0],"14":[1],"15":[1],"16":[0],"17":[1],"18":[1],"19":[8],"20":[8],"21":[6],"22":[2],"23":[0],"24":[1],"25":[6],"26":[2],"27":[23],"28":[4],"29":[19],"30":[8],"31":[4],"32":[4]},"fnMap":{"0":{"name":"App","decl":{"start":{"line":5,"column":0},"end":{"line":149,"column":1}},"loc":{"start":{"line":5,"column":0},"end":{"line":149,"column":1}},"line":5},"1":{"name":"addOrder","decl":{"start":{"line":41,"column":19},"end":{"line":49,"column":3}},"loc":{"start":{"line":41,"column":19},"end":{"line":49,"column":3}},"line":41},"2":{"name":"addBot","decl":{"start":{"line":51,"column":17},"end":{"line":55,"column":3}},"loc":{"start":{"line":51,"column":17},"end":{"line":55,"column":3}},"line":51},"3":{"name":"removeBot","decl":{"start":{"line":57,"column":20},"end":{"line":83,"column":3}},"loc":{"start":{"line":57,"column":20},"end":{"line":83,"column":3}},"line":57},"4":{"name":"addPendingList","decl":{"start":{"line":85,"column":25},"end":{"line":100,"column":3}},"loc":{"start":{"line":85,"column":25},"end":{"line":100,"column":3}},"line":85},"5":{"name":"onClick","decl":{"start":{"line":107,"column":76},"end":{"line":107,"column":109}},"loc":{"start":{"line":107,"column":76},"end":{"line":107,"column":109}},"line":107},"6":{"name":"onClick","decl":{"start":{"line":108,"column":77},"end":{"line":108,"column":107}},"loc":{"start":{"line":108,"column":77},"end":{"line":108,"column":107}},"line":108}},"f":{"0":25,"1":8,"2":4,"3":1,"4":8,"5":6,"6":2}}
,"/home/jincheng/se-take-home-assignment/order-controller/src/main.tsx": {"path":"/home/jincheng/se-take-home-assignment/order-controller/src/main.tsx","all":true,"statementMap":{"0":{"start":{"line":1,"column":0},"end":{"line":1,"column":34}},"1":{"start":{"line":2,"column":0},"end":{"line":2,"column":45}},"2":{"start":{"line":3,"column":0},"end":{"line":3,"column":20}},"3":{"start":{"line":4,"column":0},"end":{"line":4,"column":27}},"5":{"start":{"line":6,"column":0},"end":{"line":6,"column":52}},"6":{"start":{"line":7,"column":0},"end":{"line":7,"column":14}},"7":{"start":{"line":8,"column":0},"end":{"line":8,"column":11}},"8":{"start":{"line":9,"column":0},"end":{"line":9,"column":16}},"9":{"start":{"line":10,"column":0},"end":{"line":10,"column":1}}},"s":{"0":0,"1":0,"2":0,"3":0,"5":0,"6":0,"7":0,"8":0,"9":0},"branchMap":{"0":{"type":"branch","line":1,"loc":{"start":{"line":1,"column":203},"end":{"line":10,"column":-148}},"locations":[{"start":{"line":1,"column":203},"end":{"line":10,"column":-148}}]}},"b":{"0":[0]},"fnMap":{"0":{"name":"(empty-report)","decl":{"start":{"line":1,"column":203},"end":{"line":10,"column":-148}},"loc":{"start":{"line":1,"column":203},"end":{"line":10,"column":-148}},"line":1}},"f":{"0":0}}
}
